Change Component Designator: Old Designator=C102 New Designator=C104
Change Component Designator: Old Designator=C103 New Designator=C106
Change Component Designator: Old Designator=C? New Designator=C102
Change Component Designator: Old Designator=C? New Designator=C103
Change Component Designator: Old Designator=C? New Designator=C105
Change Component Designator: Old Designator=D102 New Designator=D105
Change Component Designator: Old Designator=D? New Designator=D102
Change Component Designator: Old Designator=D? New Designator=D103
Change Component Designator: Old Designator=D? New Designator=D104
Change Component Designator: Old Designator=D? New Designator=D106
Change Component Designator: Old Designator=J100 New Designator=J101
Change Component Designator: Old Designator=J101 New Designator=J104
Change Component Designator: Old Designator=J? New Designator=J100
Change Component Designator: Old Designator=J? New Designator=J102
Change Component Designator: Old Designator=J? New Designator=J103
Change Component Designator: Old Designator=P? New Designator=P100
Change Component Designator: Old Designator=P? New Designator=P101
Change Component Designator: Old Designator=P? New Designator=P102
Change Component Designator: Old Designator=Q100 New Designator=Q101
Change Component Designator: Old Designator=Q? New Designator=Q100
Change Component Designator: Old Designator=R101 New Designator=R102
Change Component Designator: Old Designator=R102 New Designator=R105
Change Component Designator: Old Designator=R103 New Designator=R107
Change Component Designator: Old Designator=R104 New Designator=R109
Change Component Designator: Old Designator=R105 New Designator=R110
Change Component Designator: Old Designator=R106 New Designator=R112
Change Component Designator: Old Designator=R107 New Designator=R113
Change Component Designator: Old Designator=R? New Designator=R101
Change Component Designator: Old Designator=R? New Designator=R103
Change Component Designator: Old Designator=R? New Designator=R104
Change Component Designator: Old Designator=R? New Designator=R106
Change Component Designator: Old Designator=R? New Designator=R108
Change Component Designator: Old Designator=R? New Designator=R111
