Change Component Designator: Old Designator=C1 New Designator=C100
Change Component Designator: Old Designator=C2 New Designator=C101
Change Component Designator: Old Designator=C3 New Designator=C102
Change Component Designator: Old Designator=C4 New Designator=C103
Change Component Designator: Old Designator=D1 New Designator=D100
Change Component Designator: Old Designator=D2 New Designator=D101
Change Component Designator: Old Designator=D3 New Designator=D102
Change Component Designator: Old Designator=J1 New Designator=J101
Change Component Designator: Old Designator=J? New Designator=J100
Change Component Designator: Old Designator=L1 New Designator=L100
Change Component Designator: Old Designator=LS? New Designator=LS100
Change Component Designator: Old Designator=Q? New Designator=Q100
Change Component Designator: Old Designator=R1 New Designator=R104
Change Component Designator: Old Designator=R2 New Designator=R103
Change Component Designator: Old Designator=R3 New Designator=R107
Change Component Designator: Old Designator=R? New Designator=R100
Change Component Designator: Old Designator=R? New Designator=R101
Change Component Designator: Old Designator=R? New Designator=R102
Change Component Designator: Old Designator=R? New Designator=R105
Change Component Designator: Old Designator=R? New Designator=R106
Change Component Designator: Old Designator=S? New Designator=S100
Change Component Designator: Old Designator=U1 New Designator=U100
Change Component Designator: Old Designator=U2 New Designator=U101
Change Component Designator: Old Designator=U3 New Designator=U102
